# JRE version: Java(TM) SE Runtime Environment 18.9 (11.0.18+9) (build 11.0.18+9-LTS-195)
# Java VM: Java HotSpot(TM) 64-Bit Server VM 18.9 (11.0.18+9-LTS-195, mixed mode, tiered, compressed oops, g1 gc, windows-amd64)
Heap:
 garbage-first heap   total 274432K, used 98616K [0x000000060a000000, 0x0000000800000000)
  region size 2048K, 41 young (83968K), 4 survivors (8192K)
 Metaspace       used 53097K, capacity 54465K, committed 54656K, reserved 1097728K
  class space    used 5671K, capacity 6194K, committed 6272K, reserved 1048576K
GC Heap History (10 events):
Event: 2968.544 GC heap before
{Heap before GC invocations=19 (full 2):
 garbage-first heap   total 274432K, used 143510K [0x000000060a000000, 0x0000000800000000)
  region size 2048K, 63 young (129024K), 4 survivors (8192K)
 Metaspace       used 52555K, capacity 53980K, committed 54144K, reserved 1097728K
  class space    used 5631K, capacity 6160K, committed 6272K, reserved 1048576K
}
Event: 2968.551 GC heap after
{Heap after GC invocations=20 (full 2):
 garbage-first heap   total 274432K, used 26201K [0x000000060a000000, 0x0000000800000000)
  region size 2048K, 5 young (10240K), 5 survivors (10240K)
 Metaspace       used 52555K, capacity 53980K, committed 54144K, reserved 1097728K
  class space    used 5631K, capacity 6160K, committed 6272K, reserved 1048576K
}
Event: 6918.938 GC heap before
{Heap before GC invocations=20 (full 2):
 garbage-first heap   total 274432K, used 163417K [0x000000060a000000, 0x0000000800000000)
  region size 2048K, 72 young (147456K), 5 survivors (10240K)
 Metaspace       used 52621K, capacity 53980K, committed 54144K, reserved 1097728K
  class space    used 5633K, capacity 6160K, committed 6272K, reserved 1048576K
}
Event: 6918.950 GC heap after
{Heap after GC invocations=21 (full 2):
 garbage-first heap   total 274432K, used 26287K [0x000000060a000000, 0x0000000800000000)
  region size 2048K, 5 young (10240K), 5 survivors (10240K)
 Metaspace       used 52621K, capacity 53980K, committed 54144K, reserved 1097728K
  class space    used 5633K, capacity 6160K, committed 6272K, reserved 1048576K
}
Event: 10259.255 GC heap before
{Heap before GC invocations=21 (full 2):
 garbage-first heap   total 274432K, used 179887K [0x000000060a000000, 0x0000000800000000)
  region size 2048K, 80 young (163840K), 5 survivors (10240K)
 Metaspace       used 52653K, capacity 54044K, committed 54400K, reserved 1097728K
  class space    used 5634K, capacity 6160K, committed 6272K, reserved 1048576K
}
Event: 10259.261 GC heap after
{Heap after GC invocations=22 (full 2):
 garbage-first heap   total 274432K, used 26514K [0x000000060a000000, 0x0000000800000000)
  region size 2048K, 5 young (10240K), 5 survivors (10240K)
 Metaspace       used 52653K, capacity 54044K, committed 54400K, reserved 1097728K
  class space    used 5634K, capacity 6160K, committed 6272K, reserved 1048576K
}
Event: 12769.497 GC heap before
{Heap before GC invocations=22 (full 2):
 garbage-first heap   total 274432K, used 178066K [0x000000060a000000, 0x0000000800000000)
  region size 2048K, 80 young (163840K), 5 survivors (10240K)
 Metaspace       used 52735K, capacity 54108K, committed 54400K, reserved 1097728K
  class space    used 5638K, capacity 6160K, committed 6272K, reserved 1048576K
}
Event: 12769.502 GC heap after
{Heap after GC invocations=23 (full 2):
 garbage-first heap   total 274432K, used 24976K [0x000000060a000000, 0x0000000800000000)
  region size 2048K, 4 young (8192K), 4 survivors (8192K)
 Metaspace       used 52735K, capacity 54108K, committed 54400K, reserved 1097728K
  class space    used 5638K, capacity 6160K, committed 6272K, reserved 1048576K
}
Event: 15299.742 GC heap before
{Heap before GC invocations=23 (full 2):
 garbage-first heap   total 274432K, used 180624K [0x000000060a000000, 0x0000000800000000)
  region size 2048K, 80 young (163840K), 4 survivors (8192K)
 Metaspace       used 52888K, capacity 54236K, committed 54400K, reserved 1097728K
  class space    used 5647K, capacity 6160K, committed 6272K, reserved 1048576K
}
Event: 15299.745 GC heap after
{Heap after GC invocations=24 (full 2):
 garbage-first heap   total 274432K, used 24888K [0x000000060a000000, 0x0000000800000000)
  region size 2048K, 4 young (8192K), 4 survivors (8192K)
 Metaspace       used 52888K, capacity 54236K, committed 54400K, reserved 1097728K
  class space    used 5647K, capacity 6160K, committed 6272K, reserved 1048576K
}

